{
  "RSpec": {
    "coverage": {
      "/home/cmdb-145429/MY_FOLDER/RUBY/STUDY/PROJECTS/my_api/app/controllers/api/v1/inventories_controller.rb": {
        "lines": [
          null,
          null,
          1,
          1,
          1,
          null,
          1,
          null,
          null
        ]
      },
      "/home/cmdb-145429/MY_FOLDER/RUBY/STUDY/PROJECTS/my_api/app/controllers/base_controller.rb": {
        "lines": [
          null,
          null,
          1,
          1,
          null,
          1,
          null,
          1,
          29,
          null,
          29,
          null,
          29,
          null,
          null,
          1,
          null,
          1,
          60,
          null,
          60,
          null,
          null,
          1,
          38,
          null,
          38,
          null,
          null,
          1,
          38,
          38,
          38,
          null,
          38,
          null,
          null
        ]
      },
      "/home/cmdb-145429/MY_FOLDER/RUBY/STUDY/PROJECTS/my_api/app/controllers/application_controller.rb": {
        "lines": [
          null,
          null,
          1,
          null
        ]
      },
      "/home/cmdb-145429/MY_FOLDER/RUBY/STUDY/PROJECTS/my_api/app/exceptions/api_exceptions.rb": {
        "lines": [
          null,
          null,
          1,
          1,
          1,
          1,
          1,
          1,
          1,
          1,
          1,
          1,
          1,
          1,
          1,
          1,
          1,
          1,
          1,
          1,
          1,
          null
        ]
      },
      "/home/cmdb-145429/MY_FOLDER/RUBY/STUDY/PROJECTS/my_api/app/controllers/api/v1/items_controller.rb": {
        "lines": [
          null,
          null,
          1,
          1,
          1,
          1,
          null,
          1,
          1,
          null,
          null,
          1,
          1,
          null,
          null,
          1,
          10,
          7,
          null,
          4,
          null,
          4,
          4,
          null,
          4,
          null,
          0,
          null,
          null,
          null,
          1,
          1,
          null,
          1,
          null,
          null,
          1,
          null,
          1,
          17,
          null,
          17,
          null,
          null,
          1,
          14,
          null,
          null,
          1,
          13,
          null,
          13,
          null,
          13,
          null,
          null,
          1,
          10,
          null,
          null,
          1,
          7,
          null,
          null,
          1,
          4,
          4,
          4,
          4,
          4,
          null,
          null,
          0,
          null,
          null,
          null,
          1,
          4,
          null,
          null,
          1,
          1,
          1,
          null,
          null,
          1,
          1,
          2,
          null,
          null
        ]
      },
      "/home/cmdb-145429/MY_FOLDER/RUBY/STUDY/PROJECTS/my_api/app/controllers/api/v1/shops_controller.rb": {
        "lines": [
          null,
          null,
          1,
          1,
          1,
          null,
          1,
          null,
          null
        ]
      },
      "/home/cmdb-145429/MY_FOLDER/RUBY/STUDY/PROJECTS/my_api/app/controllers/api/v1/trades_controller.rb": {
        "lines": [
          null,
          null,
          null,
          null,
          1,
          1,
          1,
          1,
          1,
          1,
          null,
          1,
          6,
          null,
          6,
          2,
          null,
          4,
          null,
          null,
          null,
          1,
          1,
          null,
          null,
          1,
          1,
          null,
          null,
          1,
          7,
          6,
          5,
          4,
          null,
          4,
          4,
          null,
          0,
          null,
          null,
          null,
          1,
          2,
          null,
          1,
          1,
          null,
          0,
          null,
          null,
          null,
          1,
          2,
          null,
          1,
          1,
          null,
          0,
          null,
          null,
          null,
          1,
          null,
          1,
          11,
          null,
          2,
          null,
          2,
          null,
          7,
          null,
          0,
          null,
          null,
          null,
          1,
          6,
          null,
          6,
          null,
          null,
          1,
          5,
          null,
          5,
          5,
          null,
          null,
          1,
          4,
          4,
          4,
          4,
          4,
          4,
          null,
          null,
          0,
          null,
          null,
          null,
          1,
          8,
          null,
          8,
          null,
          7,
          null,
          7,
          null,
          null,
          1,
          6,
          null,
          6,
          null,
          null,
          1,
          3,
          null,
          3,
          null,
          null,
          1,
          15,
          null,
          15,
          null,
          null,
          1,
          11,
          null,
          11,
          null,
          null,
          1,
          6,
          null,
          null,
          1,
          21,
          null,
          null,
          null
        ]
      },
      "/home/cmdb-145429/MY_FOLDER/RUBY/STUDY/PROJECTS/my_api/app/controllers/api/v1/users_controller.rb": {
        "lines": [
          null,
          null,
          1,
          1,
          null,
          1,
          6,
          null,
          6,
          2,
          null,
          4,
          null,
          null,
          null,
          1,
          null,
          1,
          6,
          null,
          null
        ]
      },
      "/home/cmdb-145429/MY_FOLDER/RUBY/STUDY/PROJECTS/my_api/app/models/inventory.rb": {
        "lines": [
          null,
          null,
          1,
          1,
          null,
          1,
          1,
          null,
          1,
          6,
          null,
          null
        ]
      },
      "/home/cmdb-145429/MY_FOLDER/RUBY/STUDY/PROJECTS/my_api/app/models/application_record.rb": {
        "lines": [
          null,
          null,
          1,
          1,
          null
        ]
      },
      "/home/cmdb-145429/MY_FOLDER/RUBY/STUDY/PROJECTS/my_api/app/models/item.rb": {
        "lines": [
          null,
          null,
          1,
          1,
          null,
          1,
          1,
          1,
          null,
          1,
          5,
          null,
          null
        ]
      },
      "/home/cmdb-145429/MY_FOLDER/RUBY/STUDY/PROJECTS/my_api/app/models/shop.rb": {
        "lines": [
          null,
          null,
          1,
          1,
          null,
          1,
          null
        ]
      },
      "/home/cmdb-145429/MY_FOLDER/RUBY/STUDY/PROJECTS/my_api/app/models/trade.rb": {
        "lines": [
          null,
          null,
          1,
          1,
          1,
          null,
          1,
          1,
          1,
          1,
          1,
          null,
          1,
          null,
          null,
          null,
          null,
          null,
          null
        ]
      },
      "/home/cmdb-145429/MY_FOLDER/RUBY/STUDY/PROJECTS/my_api/app/models/user.rb": {
        "lines": [
          null,
          null,
          1,
          1,
          null,
          1,
          1,
          1,
          1,
          1,
          null,
          1,
          1,
          1,
          1,
          1,
          1,
          null,
          1,
          null,
          1,
          9,
          null,
          null,
          1,
          5,
          null,
          null,
          1,
          null,
          1,
          244,
          null,
          null,
          1,
          120,
          120,
          120,
          null,
          null,
          1,
          120,
          null,
          null
        ]
      },
      "/home/cmdb-145429/MY_FOLDER/RUBY/STUDY/PROJECTS/my_api/app/services/stats_service_connection.rb": {
        "lines": [
          null,
          null,
          1,
          1,
          null,
          1,
          7,
          7,
          null,
          null,
          1,
          null,
          1,
          2,
          2,
          null,
          null,
          null,
          1,
          1,
          1,
          null,
          null,
          null
        ]
      },
      "/home/cmdb-145429/MY_FOLDER/RUBY/STUDY/PROJECTS/my_api/app/sidekiq/update_stats_job.rb": {
        "lines": [
          null,
          null,
          1,
          1,
          null,
          1,
          1,
          null,
          null
        ]
      }
    },
    "timestamp": 1683734946
  }
}
